\BOOKMARK [0][-]{chapter.1}{\376\377\000T\000o\000d\000o\000\040\000L\000i\000s\000t}{}
\BOOKMARK [0][-]{chapter.2}{\376\377\000D\000e\000p\000r\000e\000c\000a\000t\000e\000d\000\040\000L\000i\000s\000t}{}
\BOOKMARK [0][-]{chapter.3}{\376\377\000N\000a\000m\000e\000s\000p\000a\000c\000e\000\040\000I\000n\000d\000e\000x}{}
\BOOKMARK [1][-]{section.3.1}{\376\377\000N\000a\000m\000e\000s\000p\000a\000c\000e\000\040\000L\000i\000s\000t}{chapter.3}
\BOOKMARK [0][-]{chapter.4}{\376\377\000C\000l\000a\000s\000s\000\040\000I\000n\000d\000e\000x}{}
\BOOKMARK [1][-]{section.4.1}{\376\377\000C\000l\000a\000s\000s\000\040\000H\000i\000e\000r\000a\000r\000c\000h\000y}{chapter.4}
\BOOKMARK [0][-]{chapter.5}{\376\377\000C\000l\000a\000s\000s\000\040\000I\000n\000d\000e\000x}{}
\BOOKMARK [1][-]{section.5.1}{\376\377\000C\000l\000a\000s\000s\000\040\000L\000i\000s\000t}{chapter.5}
\BOOKMARK [0][-]{chapter.6}{\376\377\000F\000i\000l\000e\000\040\000I\000n\000d\000e\000x}{}
\BOOKMARK [1][-]{section.6.1}{\376\377\000F\000i\000l\000e\000\040\000L\000i\000s\000t}{chapter.6}
\BOOKMARK [0][-]{chapter.7}{\376\377\000N\000a\000m\000e\000s\000p\000a\000c\000e\000\040\000D\000o\000c\000u\000m\000e\000n\000t\000a\000t\000i\000o\000n}{}
\BOOKMARK [1][-]{section.7.1}{\376\377\000s\000r\000c\000:\000:\000p\000a\000r\000s\000i\000n\000g\000:\000:\000m\000a\000p\000\137\000p\000a\000r\000s\000e\000r\000\040\000N\000a\000m\000e\000s\000p\000a\000c\000e\000\040\000R\000e\000f\000e\000r\000e\000n\000c\000e}{chapter.7}
\BOOKMARK [2][-]{subsection.7.1.1}{\376\377\000D\000e\000t\000a\000i\000l\000e\000d\000\040\000D\000e\000s\000c\000r\000i\000p\000t\000i\000o\000n}{section.7.1}
\BOOKMARK [2][-]{subsection.7.1.2}{\376\377\000F\000u\000n\000c\000t\000i\000o\000n\000\040\000D\000o\000c\000u\000m\000e\000n\000t\000a\000t\000i\000o\000n}{section.7.1}
\BOOKMARK [3][-]{subsubsection.7.1.2.1}{\376\377\000g\000e\000t\000\137\000s\000i\000z\000e}{subsection.7.1.2}
\BOOKMARK [3][-]{subsubsection.7.1.2.2}{\376\377\000m\000a\000p\000\137\000p\000a\000r\000s\000e\000r}{subsection.7.1.2}
\BOOKMARK [3][-]{subsubsection.7.1.2.3}{\376\377\000p\000a\000r\000s\000e\000\137\000c\000e\000l\000l}{subsection.7.1.2}
\BOOKMARK [0][-]{chapter.8}{\376\377\000C\000l\000a\000s\000s\000\040\000D\000o\000c\000u\000m\000e\000n\000t\000a\000t\000i\000o\000n}{}
\BOOKMARK [1][-]{section.8.1}{\376\377\000s\000r\000c\000.\000p\000a\000t\000h\000.\000A\000r\000c\000h\000i\000\040\000C\000l\000a\000s\000s\000\040\000R\000e\000f\000e\000r\000e\000n\000c\000e}{chapter.8}
\BOOKMARK [2][-]{subsection.8.1.1}{\376\377\000D\000e\000t\000a\000i\000l\000e\000d\000\040\000D\000e\000s\000c\000r\000i\000p\000t\000i\000o\000n}{section.8.1}
\BOOKMARK [2][-]{subsection.8.1.2}{\376\377\000M\000e\000m\000b\000e\000r\000\040\000F\000u\000n\000c\000t\000i\000o\000n\000\040\000D\000o\000c\000u\000m\000e\000n\000t\000a\000t\000i\000o\000n}{section.8.1}
\BOOKMARK [3][-]{subsubsection.8.1.2.1}{\376\377\000g\000e\000t\000\137\000s\000r\000c\000\137\000d\000i\000r}{subsection.8.1.2}
\BOOKMARK [3][-]{subsubsection.8.1.2.2}{\376\377\000g\000e\000t\000\137\000s\000r\000c\000\137\000f\000i\000l\000e}{subsection.8.1.2}
\BOOKMARK [3][-]{subsubsection.8.1.2.3}{\376\377\000g\000e\000t\000\137\000s\000t\000a\000t\000i\000c\000\137\000d\000i\000r}{subsection.8.1.2}
\BOOKMARK [3][-]{subsubsection.8.1.2.4}{\376\377\000g\000e\000t\000\137\000s\000t\000a\000t\000i\000c\000\137\000f\000i\000l\000e}{subsection.8.1.2}
\BOOKMARK [3][-]{subsubsection.8.1.2.5}{\376\377\000g\000e\000t\000\137\000x\000m\000l\000\137\000d\000i\000r}{subsection.8.1.2}
\BOOKMARK [3][-]{subsubsection.8.1.2.6}{\376\377\000g\000e\000t\000\137\000x\000m\000l\000\137\000f\000i\000l\000e}{subsection.8.1.2}
\BOOKMARK [3][-]{subsubsection.8.1.2.7}{\376\377\000l\000i\000s\000t\000\137\000f\000i\000l\000e\000s}{subsection.8.1.2}
\BOOKMARK [1][-]{section.8.2}{\376\377\000s\000r\000c\000.\000b\000a\000c\000k\000g\000r\000o\000u\000n\000d\000L\000a\000y\000e\000r\000.\000B\000a\000c\000k\000g\000r\000o\000u\000n\000d\000L\000a\000y\000e\000r\000\040\000C\000l\000a\000s\000s\000\040\000R\000e\000f\000e\000r\000e\000n\000c\000e}{chapter.8}
\BOOKMARK [1][-]{section.8.3}{\376\377\000s\000r\000c\000.\000w\000o\000r\000l\000d\000.\000B\000a\000s\000e\000O\000b\000j\000e\000c\000t\000\040\000C\000l\000a\000s\000s\000\040\000R\000e\000f\000e\000r\000e\000n\000c\000e}{chapter.8}
\BOOKMARK [2][-]{subsection.8.3.1}{\376\377\000D\000e\000t\000a\000i\000l\000e\000d\000\040\000D\000e\000s\000c\000r\000i\000p\000t\000i\000o\000n}{section.8.3}
\BOOKMARK [2][-]{subsection.8.3.2}{\376\377\000M\000e\000m\000b\000e\000r\000\040\000F\000u\000n\000c\000t\000i\000o\000n\000\040\000D\000o\000c\000u\000m\000e\000n\000t\000a\000t\000i\000o\000n}{section.8.3}
\BOOKMARK [3][-]{subsubsection.8.3.2.1}{\376\377\000c\000o\000n\000t\000e\000x\000t\000E\000v\000a\000l}{subsection.8.3.2}
\BOOKMARK [3][-]{subsubsection.8.3.2.2}{\376\377\000l\000o\000a\000d}{subsection.8.3.2}
\BOOKMARK [1][-]{section.8.4}{\376\377\000B\000C\000o\000l\000o\000r\000\040\000C\000l\000a\000s\000s\000\040\000R\000e\000f\000e\000r\000e\000n\000c\000e}{chapter.8}
\BOOKMARK [2][-]{subsection.8.4.1}{\376\377\000D\000e\000t\000a\000i\000l\000e\000d\000\040\000D\000e\000s\000c\000r\000i\000p\000t\000i\000o\000n}{section.8.4}
\BOOKMARK [2][-]{subsection.8.4.2}{\376\377\000C\000o\000n\000s\000t\000r\000u\000c\000t\000o\000r\000\040\000\046\000\040\000D\000e\000s\000t\000r\000u\000c\000t\000o\000r\000\040\000D\000o\000c\000u\000m\000e\000n\000t\000a\000t\000i\000o\000n}{section.8.4}
\BOOKMARK [3][-]{subsubsection.8.4.2.1}{\376\377\000B\000C\000o\000l\000o\000r}{subsection.8.4.2}
\BOOKMARK [3][-]{subsubsection.8.4.2.2}{\376\377\000B\000C\000o\000l\000o\000r}{subsection.8.4.2}
\BOOKMARK [2][-]{subsection.8.4.3}{\376\377\000M\000e\000m\000b\000e\000r\000\040\000F\000u\000n\000c\000t\000i\000o\000n\000\040\000D\000o\000c\000u\000m\000e\000n\000t\000a\000t\000i\000o\000n}{section.8.4}
\BOOKMARK [3][-]{subsubsection.8.4.3.1}{\376\377\000c\000o\000l\000o\000r}{subsection.8.4.3}
\BOOKMARK [3][-]{subsubsection.8.4.3.2}{\376\377\000c\000o\000l\000o\000r\000C\000h\000a\000n\000g\000e\000d}{subsection.8.4.3}
\BOOKMARK [3][-]{subsubsection.8.4.3.3}{\376\377\000n\000a\000m\000e}{subsection.8.4.3}
\BOOKMARK [3][-]{subsubsection.8.4.3.4}{\376\377\000n\000a\000m\000e\000C\000h\000a\000n\000g\000e\000d}{subsection.8.4.3}
\BOOKMARK [3][-]{subsubsection.8.4.3.5}{\376\377\000s\000e\000t\000C\000o\000l\000o\000r}{subsection.8.4.3}
\BOOKMARK [3][-]{subsubsection.8.4.3.6}{\376\377\000s\000e\000t\000C\000o\000l\000o\000r\000Q\000u\000i\000e\000t}{subsection.8.4.3}
\BOOKMARK [3][-]{subsubsection.8.4.3.7}{\376\377\000s\000e\000t\000N\000a\000m\000e}{subsection.8.4.3}
\BOOKMARK [3][-]{subsubsection.8.4.3.8}{\376\377\000s\000e\000t\000N\000a\000m\000e\000Q\000u\000i\000e\000t}{subsection.8.4.3}
\BOOKMARK [2][-]{subsection.8.4.4}{\376\377\000P\000r\000o\000p\000e\000r\000t\000y\000\040\000D\000o\000c\000u\000m\000e\000n\000t\000a\000t\000i\000o\000n}{section.8.4}
\BOOKMARK [3][-]{subsubsection.8.4.4.1}{\376\377\000c\000o\000l\000o\000r}{subsection.8.4.4}
\BOOKMARK [3][-]{subsubsection.8.4.4.2}{\376\377\000n\000a\000m\000e}{subsection.8.4.4}
\BOOKMARK [1][-]{section.8.5}{\376\377\000B\000D\000o\000c\000k\000\040\000C\000l\000a\000s\000s\000\040\000R\000e\000f\000e\000r\000e\000n\000c\000e}{chapter.8}
\BOOKMARK [2][-]{subsection.8.5.1}{\376\377\000D\000e\000t\000a\000i\000l\000e\000d\000\040\000D\000e\000s\000c\000r\000i\000p\000t\000i\000o\000n}{section.8.5}
\BOOKMARK [1][-]{section.8.6}{\376\377\000B\000D\000o\000c\000k\000s\000Z\000o\000n\000e\000\040\000C\000l\000a\000s\000s\000\040\000R\000e\000f\000e\000r\000e\000n\000c\000e}{chapter.8}
\BOOKMARK [2][-]{subsection.8.6.1}{\376\377\000M\000e\000m\000b\000e\000r\000\040\000E\000n\000u\000m\000e\000r\000a\000t\000i\000o\000n\000\040\000D\000o\000c\000u\000m\000e\000n\000t\000a\000t\000i\000o\000n}{section.8.6}
\BOOKMARK [3][-]{subsubsection.8.6.1.1}{\376\377\000S\000c\000r\000o\000l\000l\000B\000a\000r\000M\000o\000d\000e}{subsection.8.6.1}
\BOOKMARK [1][-]{section.8.7}{\376\377\000B\000D\000o\000c\000k\000W\000i\000d\000g\000e\000t\000\040\000C\000l\000a\000s\000s\000\040\000R\000e\000f\000e\000r\000e\000n\000c\000e}{chapter.8}
\BOOKMARK [2][-]{subsection.8.7.1}{\376\377\000D\000e\000t\000a\000i\000l\000e\000d\000\040\000D\000e\000s\000c\000r\000i\000p\000t\000i\000o\000n}{section.8.7}
\BOOKMARK [1][-]{section.8.8}{\376\377\000B\000i\000n\000a\000r\000y\000S\000t\000a\000t\000e\000M\000a\000c\000h\000i\000n\000e\000\040\000C\000l\000a\000s\000s\000\040\000R\000e\000f\000e\000r\000e\000n\000c\000e}{chapter.8}
\BOOKMARK [2][-]{subsection.8.8.1}{\376\377\000D\000e\000t\000a\000i\000l\000e\000d\000\040\000D\000e\000s\000c\000r\000i\000p\000t\000i\000o\000n}{section.8.8}
\BOOKMARK [1][-]{section.8.9}{\376\377\000B\000L\000a\000y\000o\000u\000t\000\040\000C\000l\000a\000s\000s\000\040\000R\000e\000f\000e\000r\000e\000n\000c\000e}{chapter.8}
\BOOKMARK [1][-]{section.8.10}{\376\377\000s\000r\000c\000.\000w\000o\000r\000l\000d\000.\000C\000e\000l\000l\000\040\000C\000l\000a\000s\000s\000\040\000R\000e\000f\000e\000r\000e\000n\000c\000e}{chapter.8}
\BOOKMARK [1][-]{section.8.11}{\376\377\000C\000e\000l\000l\000\040\000C\000l\000a\000s\000s\000\040\000R\000e\000f\000e\000r\000e\000n\000c\000e}{chapter.8}
\BOOKMARK [2][-]{subsection.8.11.1}{\376\377\000D\000e\000t\000a\000i\000l\000e\000d\000\040\000D\000e\000s\000c\000r\000i\000p\000t\000i\000o\000n}{section.8.11}
\BOOKMARK [1][-]{section.8.12}{\376\377\000C\000e\000l\000l\000D\000o\000c\000k\000\040\000C\000l\000a\000s\000s\000\040\000R\000e\000f\000e\000r\000e\000n\000c\000e}{chapter.8}
\BOOKMARK [1][-]{section.8.13}{\376\377\000C\000e\000l\000l\000T\000y\000p\000e\000\040\000C\000l\000a\000s\000s\000\040\000R\000e\000f\000e\000r\000e\000n\000c\000e}{chapter.8}
\BOOKMARK [2][-]{subsection.8.13.1}{\376\377\000D\000e\000t\000a\000i\000l\000e\000d\000\040\000D\000e\000s\000c\000r\000i\000p\000t\000i\000o\000n}{section.8.13}
\BOOKMARK [1][-]{section.8.14}{\376\377\000C\000e\000l\000l\000T\000y\000p\000e\000L\000i\000s\000t\000M\000o\000d\000e\000l\000\040\000C\000l\000a\000s\000s\000\040\000R\000e\000f\000e\000r\000e\000n\000c\000e}{chapter.8}
\BOOKMARK [2][-]{subsection.8.14.1}{\376\377\000D\000e\000t\000a\000i\000l\000e\000d\000\040\000D\000e\000s\000c\000r\000i\000p\000t\000i\000o\000n}{section.8.14}
\BOOKMARK [1][-]{section.8.15}{\376\377\000C\000e\000l\000l\000T\000y\000p\000e\000s\000D\000o\000c\000k\000\040\000C\000l\000a\000s\000s\000\040\000R\000e\000f\000e\000r\000e\000n\000c\000e}{chapter.8}
\BOOKMARK [1][-]{section.8.16}{\376\377\000s\000r\000c\000.\000c\000u\000r\000s\000e\000s\000c\000l\000i\000.\000C\000e\000l\000l\000V\000i\000e\000w\000e\000r\000\040\000C\000l\000a\000s\000s\000\040\000R\000e\000f\000e\000r\000e\000n\000c\000e}{chapter.8}
\BOOKMARK [1][-]{section.8.17}{\376\377\000s\000r\000c\000.\000c\000h\000a\000r\000a\000c\000t\000e\000r\000.\000C\000h\000a\000r\000a\000c\000t\000e\000r\000\040\000C\000l\000a\000s\000s\000\040\000R\000e\000f\000e\000r\000e\000n\000c\000e}{chapter.8}
\BOOKMARK [1][-]{section.8.18}{\376\377\000s\000r\000c\000.\000c\000h\000u\000n\000k\000.\000C\000h\000u\000n\000k\000\040\000C\000l\000a\000s\000s\000\040\000R\000e\000f\000e\000r\000e\000n\000c\000e}{chapter.8}
\BOOKMARK [1][-]{section.8.19}{\376\377\000s\000r\000c\000.\000c\000a\000c\000h\000e\000.\000C\000h\000u\000n\000k\000C\000a\000c\000h\000e\000\040\000C\000l\000a\000s\000s\000\040\000R\000e\000f\000e\000r\000e\000n\000c\000e}{chapter.8}
\BOOKMARK [1][-]{section.8.20}{\376\377\000C\000l\000C\000o\000o\000r\000d\000s\000\040\000C\000l\000a\000s\000s\000\040\000R\000e\000f\000e\000r\000e\000n\000c\000e}{chapter.8}
\BOOKMARK [2][-]{subsection.8.20.1}{\376\377\000D\000e\000t\000a\000i\000l\000e\000d\000\040\000D\000e\000s\000c\000r\000i\000p\000t\000i\000o\000n}{section.8.20}
\BOOKMARK [1][-]{section.8.21}{\376\377\000s\000r\000c\000.\000c\000l\000i\000e\000n\000t\000.\000C\000l\000i\000e\000n\000t\000\040\000C\000l\000a\000s\000s\000\040\000R\000e\000f\000e\000r\000e\000n\000c\000e}{chapter.8}
\BOOKMARK [2][-]{subsection.8.21.1}{\376\377\000D\000e\000t\000a\000i\000l\000e\000d\000\040\000D\000e\000s\000c\000r\000i\000p\000t\000i\000o\000n}{section.8.21}
\BOOKMARK [2][-]{subsection.8.21.2}{\376\377\000C\000o\000n\000s\000t\000r\000u\000c\000t\000o\000r\000\040\000\046\000\040\000D\000e\000s\000t\000r\000u\000c\000t\000o\000r\000\040\000D\000o\000c\000u\000m\000e\000n\000t\000a\000t\000i\000o\000n}{section.8.21}
\BOOKMARK [3][-]{subsubsection.8.21.2.1}{\376\377\000\137\000\137\000d\000e\000l\000\137\000\137}{subsection.8.21.2}
\BOOKMARK [1][-]{section.8.22}{\376\377\000s\000r\000c\000.\000c\000u\000r\000s\000e\000s\000c\000l\000i\000.\000C\000u\000r\000s\000e\000s\000\040\000C\000l\000a\000s\000s\000\040\000R\000e\000f\000e\000r\000e\000n\000c\000e}{chapter.8}
\BOOKMARK [2][-]{subsection.8.22.1}{\376\377\000D\000e\000t\000a\000i\000l\000e\000d\000\040\000D\000e\000s\000c\000r\000i\000p\000t\000i\000o\000n}{section.8.22}
\BOOKMARK [1][-]{section.8.23}{\376\377\000E\000d\000i\000t\000o\000r\000\040\000C\000l\000a\000s\000s\000\040\000R\000e\000f\000e\000r\000e\000n\000c\000e}{chapter.8}
\BOOKMARK [2][-]{subsection.8.23.1}{\376\377\000D\000e\000t\000a\000i\000l\000e\000d\000\040\000D\000e\000s\000c\000r\000i\000p\000t\000i\000o\000n}{section.8.23}
\BOOKMARK [1][-]{section.8.24}{\376\377\000s\000r\000c\000.\000w\000o\000r\000l\000d\000.\000E\000n\000t\000i\000t\000y\000\040\000C\000l\000a\000s\000s\000\040\000R\000e\000f\000e\000r\000e\000n\000c\000e}{chapter.8}
\BOOKMARK [1][-]{section.8.25}{\376\377\000G\000a\000m\000e\000\040\000C\000l\000a\000s\000s\000\040\000R\000e\000f\000e\000r\000e\000n\000c\000e}{chapter.8}
\BOOKMARK [2][-]{subsection.8.25.1}{\376\377\000D\000e\000t\000a\000i\000l\000e\000d\000\040\000D\000e\000s\000c\000r\000i\000p\000t\000i\000o\000n}{section.8.25}
\BOOKMARK [2][-]{subsection.8.25.2}{\376\377\000M\000e\000m\000b\000e\000r\000\040\000F\000u\000n\000c\000t\000i\000o\000n\000\040\000D\000o\000c\000u\000m\000e\000n\000t\000a\000t\000i\000o\000n}{section.8.25}
\BOOKMARK [3][-]{subsubsection.8.25.2.1}{\376\377\000n\000e\000w\000I\000d\000e\000n\000t}{subsection.8.25.2}
\BOOKMARK [1][-]{section.8.26}{\376\377\000G\000a\000m\000e\000O\000b\000j\000e\000c\000t\000\040\000C\000l\000a\000s\000s\000\040\000R\000e\000f\000e\000r\000e\000n\000c\000e}{chapter.8}
\BOOKMARK [2][-]{subsection.8.26.1}{\376\377\000D\000e\000t\000a\000i\000l\000e\000d\000\040\000D\000e\000s\000c\000r\000i\000p\000t\000i\000o\000n}{section.8.26}
\BOOKMARK [2][-]{subsection.8.26.2}{\376\377\000C\000o\000n\000s\000t\000r\000u\000c\000t\000o\000r\000\040\000\046\000\040\000D\000e\000s\000t\000r\000u\000c\000t\000o\000r\000\040\000D\000o\000c\000u\000m\000e\000n\000t\000a\000t\000i\000o\000n}{section.8.26}
\BOOKMARK [3][-]{subsubsection.8.26.2.1}{\376\377\000G\000a\000m\000e\000O\000b\000j\000e\000c\000t}{subsection.8.26.2}
\BOOKMARK [2][-]{subsection.8.26.3}{\376\377\000M\000e\000m\000b\000e\000r\000\040\000F\000u\000n\000c\000t\000i\000o\000n\000\040\000D\000o\000c\000u\000m\000e\000n\000t\000a\000t\000i\000o\000n}{section.8.26}
\BOOKMARK [3][-]{subsubsection.8.26.3.1}{\376\377\000f\000l\000a\000g\000s}{subsection.8.26.3}
\BOOKMARK [3][-]{subsubsection.8.26.3.2}{\376\377\000g\000e\000t\000F\000l\000a\000g}{subsection.8.26.3}
\BOOKMARK [3][-]{subsubsection.8.26.3.3}{\376\377\000g\000e\000t\000P\000a\000r\000a\000m}{subsection.8.26.3}
\BOOKMARK [3][-]{subsubsection.8.26.3.4}{\376\377\000h\000a\000s\000F\000l\000a\000g}{subsection.8.26.3}
\BOOKMARK [3][-]{subsubsection.8.26.3.5}{\376\377\000h\000a\000s\000P\000a\000r\000a\000m}{subsection.8.26.3}
\BOOKMARK [3][-]{subsubsection.8.26.3.6}{\376\377\000i\000d\000e\000n\000t}{subsection.8.26.3}
\BOOKMARK [3][-]{subsubsection.8.26.3.7}{\376\377\000i\000n\000i\000t}{subsection.8.26.3}
\BOOKMARK [3][-]{subsubsection.8.26.3.8}{\376\377\000i\000s\000V\000a\000l\000i\000d}{subsection.8.26.3}
\BOOKMARK [3][-]{subsubsection.8.26.3.9}{\376\377\000l\000a\000s\000t\000C\000h\000i\000l\000d\000r\000e\000n\000E\000d\000i\000t\000i\000o\000n}{subsection.8.26.3}
\BOOKMARK [3][-]{subsubsection.8.26.3.10}{\376\377\000l\000a\000s\000t\000E\000d\000i\000t\000i\000o\000n}{subsection.8.26.3}
\BOOKMARK [3][-]{subsubsection.8.26.3.11}{\376\377\000l\000a\000s\000t\000I\000n\000t\000e\000r\000n\000a\000l\000E\000d\000i\000t\000i\000o\000n}{subsection.8.26.3}
\BOOKMARK [3][-]{subsubsection.8.26.3.12}{\376\377\000p\000a\000r\000a\000m\000s}{subsection.8.26.3}
\BOOKMARK [3][-]{subsubsection.8.26.3.13}{\376\377\000s\000e\000t\000F\000l\000a\000g}{subsection.8.26.3}
\BOOKMARK [3][-]{subsubsection.8.26.3.14}{\376\377\000s\000e\000t\000P\000a\000r\000a\000m}{subsection.8.26.3}
\BOOKMARK [3][-]{subsubsection.8.26.3.15}{\376\377\000t\000o\000u\000c\000h}{subsection.8.26.3}
\BOOKMARK [1][-]{section.8.27}{\376\377\000s\000r\000c\000.\000c\000a\000c\000h\000e\000.\000G\000l\000o\000b\000a\000l\000C\000a\000c\000h\000e\000\040\000C\000l\000a\000s\000s\000\040\000R\000e\000f\000e\000r\000e\000n\000c\000e}{chapter.8}
\BOOKMARK [1][-]{section.8.28}{\376\377\000I\000m\000a\000g\000e\000\040\000C\000l\000a\000s\000s\000\040\000R\000e\000f\000e\000r\000e\000n\000c\000e}{chapter.8}
\BOOKMARK [2][-]{subsection.8.28.1}{\376\377\000D\000e\000t\000a\000i\000l\000e\000d\000\040\000D\000e\000s\000c\000r\000i\000p\000t\000i\000o\000n}{section.8.28}
\BOOKMARK [2][-]{subsection.8.28.2}{\376\377\000M\000e\000m\000b\000e\000r\000\040\000F\000u\000n\000c\000t\000i\000o\000n\000\040\000D\000o\000c\000u\000m\000e\000n\000t\000a\000t\000i\000o\000n}{section.8.28}
\BOOKMARK [3][-]{subsubsection.8.28.2.1}{\376\377\000i\000s\000V\000a\000l\000i\000d}{subsection.8.28.2}
\BOOKMARK [1][-]{section.8.29}{\376\377\000s\000r\000c\000.\000c\000a\000c\000h\000e\000.\000I\000m\000a\000g\000e\000C\000a\000c\000h\000e\000\040\000C\000l\000a\000s\000s\000\040\000R\000e\000f\000e\000r\000e\000n\000c\000e}{chapter.8}
\BOOKMARK [1][-]{section.8.30}{\376\377\000s\000r\000c\000.\000i\000n\000t\000e\000r\000a\000c\000t\000i\000o\000n\000s\000.\000I\000n\000t\000e\000r\000a\000c\000t\000i\000o\000n\000\040\000C\000l\000a\000s\000s\000\040\000R\000e\000f\000e\000r\000e\000n\000c\000e}{chapter.8}
\BOOKMARK [2][-]{subsection.8.30.1}{\376\377\000D\000e\000t\000a\000i\000l\000e\000d\000\040\000D\000e\000s\000c\000r\000i\000p\000t\000i\000o\000n}{section.8.30}
\BOOKMARK [1][-]{section.8.31}{\376\377\000s\000r\000c\000.\000p\000r\000i\000n\000t\000W\000o\000r\000l\000d\000.\000I\000n\000t\000e\000r\000f\000a\000c\000e\000\040\000C\000l\000a\000s\000s\000\040\000R\000e\000f\000e\000r\000e\000n\000c\000e}{chapter.8}
\BOOKMARK [1][-]{section.8.32}{\376\377\000s\000r\000c\000.\000i\000n\000t\000e\000r\000f\000a\000c\000e\000.\000I\000n\000t\000e\000r\000f\000a\000c\000e\000\040\000C\000l\000a\000s\000s\000\040\000R\000e\000f\000e\000r\000e\000n\000c\000e}{chapter.8}
\BOOKMARK [2][-]{subsection.8.32.1}{\376\377\000D\000e\000t\000a\000i\000l\000e\000d\000\040\000D\000e\000s\000c\000r\000i\000p\000t\000i\000o\000n}{section.8.32}
\BOOKMARK [1][-]{section.8.33}{\376\377\000I\000n\000t\000e\000r\000t\000i\000e\000\040\000C\000l\000a\000s\000s\000\040\000R\000e\000f\000e\000r\000e\000n\000c\000e}{chapter.8}
\BOOKMARK [2][-]{subsection.8.33.1}{\376\377\000D\000e\000t\000a\000i\000l\000e\000d\000\040\000D\000e\000s\000c\000r\000i\000p\000t\000i\000o\000n}{section.8.33}
\BOOKMARK [1][-]{section.8.34}{\376\377\000s\000r\000c\000.\000l\000a\000y\000e\000r\000.\000L\000a\000y\000e\000r\000\040\000C\000l\000a\000s\000s\000\040\000R\000e\000f\000e\000r\000e\000n\000c\000e}{chapter.8}
\BOOKMARK [1][-]{section.8.35}{\376\377\000M\000a\000p\000\040\000C\000l\000a\000s\000s\000\040\000R\000e\000f\000e\000r\000e\000n\000c\000e}{chapter.8}
\BOOKMARK [2][-]{subsection.8.35.1}{\376\377\000D\000e\000t\000a\000i\000l\000e\000d\000\040\000D\000e\000s\000c\000r\000i\000p\000t\000i\000o\000n}{section.8.35}
\BOOKMARK [1][-]{section.8.36}{\376\377\000s\000r\000c\000.\000w\000o\000r\000l\000d\000.\000M\000a\000p\000\040\000C\000l\000a\000s\000s\000\040\000R\000e\000f\000e\000r\000e\000n\000c\000e}{chapter.8}
\BOOKMARK [2][-]{subsection.8.36.1}{\376\377\000M\000e\000m\000b\000e\000r\000\040\000F\000u\000n\000c\000t\000i\000o\000n\000\040\000D\000o\000c\000u\000m\000e\000n\000t\000a\000t\000i\000o\000n}{section.8.36}
\BOOKMARK [3][-]{subsubsection.8.36.1.1}{\376\377\000f\000i\000l\000l}{subsection.8.36.1}
\BOOKMARK [1][-]{section.8.37}{\376\377\000M\000a\000p\000D\000o\000c\000k\000\040\000C\000l\000a\000s\000s\000\040\000R\000e\000f\000e\000r\000e\000n\000c\000e}{chapter.8}
\BOOKMARK [1][-]{section.8.38}{\376\377\000M\000a\000p\000P\000a\000i\000n\000t\000e\000r\000\040\000C\000l\000a\000s\000s\000\040\000R\000e\000f\000e\000r\000e\000n\000c\000e}{chapter.8}
\BOOKMARK [2][-]{subsection.8.38.1}{\376\377\000D\000e\000t\000a\000i\000l\000e\000d\000\040\000D\000e\000s\000c\000r\000i\000p\000t\000i\000o\000n}{section.8.38}
\BOOKMARK [2][-]{subsection.8.38.2}{\376\377\000M\000e\000m\000b\000e\000r\000\040\000E\000n\000u\000m\000e\000r\000a\000t\000i\000o\000n\000\040\000D\000o\000c\000u\000m\000e\000n\000t\000a\000t\000i\000o\000n}{section.8.38}
\BOOKMARK [3][-]{subsubsection.8.38.2.1}{\376\377\000E\000l\000e\000m\000e\000n\000t}{subsection.8.38.2}
\BOOKMARK [2][-]{subsection.8.38.3}{\376\377\000C\000o\000n\000s\000t\000r\000u\000c\000t\000o\000r\000\040\000\046\000\040\000D\000e\000s\000t\000r\000u\000c\000t\000o\000r\000\040\000D\000o\000c\000u\000m\000e\000n\000t\000a\000t\000i\000o\000n}{section.8.38}
\BOOKMARK [3][-]{subsubsection.8.38.3.1}{\376\377\000M\000a\000p\000P\000a\000i\000n\000t\000e\000r}{subsection.8.38.3}
\BOOKMARK [3][-]{subsubsection.8.38.3.2}{\376\377\000M\000a\000p\000P\000a\000i\000n\000t\000e\000r}{subsection.8.38.3}
\BOOKMARK [2][-]{subsection.8.38.4}{\376\377\000M\000e\000m\000b\000e\000r\000\040\000F\000u\000n\000c\000t\000i\000o\000n\000\040\000D\000o\000c\000u\000m\000e\000n\000t\000a\000t\000i\000o\000n}{section.8.38}
\BOOKMARK [3][-]{subsubsection.8.38.4.1}{\376\377\000c\000o\000o\000T\000o\000P\000t}{subsection.8.38.4}
\BOOKMARK [3][-]{subsubsection.8.38.4.2}{\376\377\000c\000o\000o\000T\000o\000P\000x\000l}{subsection.8.38.4}
\BOOKMARK [3][-]{subsubsection.8.38.4.3}{\376\377\000h\000a\000s\000H\000i\000g\000h\000l\000i\000g\000h\000t\000e\000d\000C\000e\000l\000l}{subsection.8.38.4}
\BOOKMARK [3][-]{subsubsection.8.38.4.4}{\376\377\000h\000i\000g\000h\000l\000i\000g\000h\000t\000e\000d\000C\000e\000l\000l}{subsection.8.38.4}
\BOOKMARK [3][-]{subsubsection.8.38.4.5}{\376\377\000i\000n\000d\000T\000o\000P\000t}{subsection.8.38.4}
\BOOKMARK [3][-]{subsubsection.8.38.4.6}{\376\377\000i\000s\000C\000e\000l\000l}{subsection.8.38.4}
\BOOKMARK [3][-]{subsubsection.8.38.4.7}{\376\377\000m\000a\000p\000S\000i\000z\000e\000C\000h\000a\000n\000g\000e\000d}{subsection.8.38.4}
\BOOKMARK [3][-]{subsubsection.8.38.4.8}{\376\377\000m\000o\000v\000e}{subsection.8.38.4}
\BOOKMARK [3][-]{subsubsection.8.38.4.9}{\376\377\000p\000a\000i\000n\000t}{subsection.8.38.4}
\BOOKMARK [3][-]{subsubsection.8.38.4.10}{\376\377\000p\000r\000e\000S\000e\000l\000e\000c\000t\000e\000d\000C\000e\000l\000l\000C\000o\000l\000o\000r}{subsection.8.38.4}
\BOOKMARK [3][-]{subsubsection.8.38.4.11}{\376\377\000p\000t\000T\000o\000C\000o\000o}{subsection.8.38.4}
\BOOKMARK [3][-]{subsubsection.8.38.4.12}{\376\377\000p\000t\000T\000o\000P\000x\000l}{subsection.8.38.4}
\BOOKMARK [3][-]{subsubsection.8.38.4.13}{\376\377\000p\000x\000l\000T\000o\000C\000o\000o}{subsection.8.38.4}
\BOOKMARK [3][-]{subsubsection.8.38.4.14}{\376\377\000p\000x\000l\000T\000o\000P\000t}{subsection.8.38.4}
\BOOKMARK [3][-]{subsubsection.8.38.4.15}{\376\377\000r\000e\000n\000d\000e\000r}{subsection.8.38.4}
\BOOKMARK [3][-]{subsubsection.8.38.4.16}{\376\377\000r\000e\000s\000i\000z\000e}{subsection.8.38.4}
\BOOKMARK [3][-]{subsubsection.8.38.4.17}{\376\377\000r\000e\000s\000i\000z\000e}{subsection.8.38.4}
\BOOKMARK [3][-]{subsubsection.8.38.4.18}{\376\377\000s\000c\000a\000l\000e}{subsection.8.38.4}
\BOOKMARK [3][-]{subsubsection.8.38.4.19}{\376\377\000s\000e\000l\000e\000c\000t\000e\000d\000C\000e\000l\000l\000C\000o\000l\000o\000r}{subsection.8.38.4}
\BOOKMARK [3][-]{subsubsection.8.38.4.20}{\376\377\000s\000e\000t\000H\000i\000g\000h\000l\000i\000g\000h\000t\000e\000d\000C\000e\000l\000l}{subsection.8.38.4}
\BOOKMARK [3][-]{subsubsection.8.38.4.21}{\376\377\000s\000e\000t\000H\000i\000g\000h\000l\000i\000g\000h\000t\000e\000d\000C\000e\000l\000l}{subsection.8.38.4}
\BOOKMARK [3][-]{subsubsection.8.38.4.22}{\376\377\000s\000e\000t\000M\000a\000p}{subsection.8.38.4}
\BOOKMARK [3][-]{subsubsection.8.38.4.23}{\376\377\000s\000e\000t\000P\000a\000i\000n\000t\000e\000d\000E\000l\000e\000m\000e\000n\000t}{subsection.8.38.4}
\BOOKMARK [3][-]{subsubsection.8.38.4.24}{\376\377\000s\000e\000t\000P\000a\000i\000n\000t\000e\000d\000E\000l\000e\000m\000e\000n\000t\000s}{subsection.8.38.4}
\BOOKMARK [3][-]{subsubsection.8.38.4.25}{\376\377\000s\000e\000t\000P\000r\000e\000S\000e\000l\000e\000c\000t\000e\000d\000C\000e\000l\000l\000C\000o\000l\000o\000r}{subsection.8.38.4}
\BOOKMARK [3][-]{subsubsection.8.38.4.26}{\376\377\000s\000e\000t\000S\000c\000a\000l\000e}{subsection.8.38.4}
\BOOKMARK [3][-]{subsubsection.8.38.4.27}{\376\377\000s\000e\000t\000S\000c\000a\000l\000e\000D\000o\000m\000a\000i\000n}{subsection.8.38.4}
\BOOKMARK [3][-]{subsubsection.8.38.4.28}{\376\377\000s\000e\000t\000S\000e\000l\000e\000c\000t\000e\000d\000C\000e\000l\000l\000C\000o\000l\000o\000r}{subsection.8.38.4}
\BOOKMARK [3][-]{subsubsection.8.38.4.29}{\376\377\000s\000e\000t\000V\000i\000e\000w\000C\000e\000n\000t\000e\000r}{subsection.8.38.4}
\BOOKMARK [3][-]{subsubsection.8.38.4.30}{\376\377\000s\000e\000t\000V\000i\000e\000w\000C\000e\000n\000t\000e\000r}{subsection.8.38.4}
\BOOKMARK [3][-]{subsubsection.8.38.4.31}{\376\377\000s\000e\000t\000V\000i\000e\000w\000C\000e\000n\000t\000e\000r\000Q\000u\000i\000e\000t}{subsection.8.38.4}
\BOOKMARK [3][-]{subsubsection.8.38.4.32}{\376\377\000s\000i\000z\000e}{subsection.8.38.4}
\BOOKMARK [3][-]{subsubsection.8.38.4.33}{\376\377\000v\000i\000e\000w\000C\000e\000n\000t\000e\000r}{subsection.8.38.4}
\BOOKMARK [3][-]{subsubsection.8.38.4.34}{\376\377\000v\000i\000e\000w\000C\000e\000n\000t\000e\000r\000C\000h\000a\000n\000g\000e\000d}{subsection.8.38.4}
\BOOKMARK [3][-]{subsubsection.8.38.4.35}{\376\377\000v\000i\000r\000t\000u\000a\000l\000S\000i\000z\000e}{subsection.8.38.4}
\BOOKMARK [3][-]{subsubsection.8.38.4.36}{\376\377\000z\000o\000o\000m}{subsection.8.38.4}
\BOOKMARK [1][-]{section.8.39}{\376\377\000M\000a\000p\000s\000E\000d\000i\000t\000o\000r\000\040\000C\000l\000a\000s\000s\000\040\000R\000e\000f\000e\000r\000e\000n\000c\000e}{chapter.8}
\BOOKMARK [2][-]{subsection.8.39.1}{\376\377\000D\000e\000t\000a\000i\000l\000e\000d\000\040\000D\000e\000s\000c\000r\000i\000p\000t\000i\000o\000n}{section.8.39}
\BOOKMARK [1][-]{section.8.40}{\376\377\000M\000a\000p\000s\000L\000i\000s\000t\000M\000o\000d\000e\000l\000\040\000C\000l\000a\000s\000s\000\040\000R\000e\000f\000e\000r\000e\000n\000c\000e}{chapter.8}
\BOOKMARK [2][-]{subsection.8.40.1}{\376\377\000D\000e\000t\000a\000i\000l\000e\000d\000\040\000D\000e\000s\000c\000r\000i\000p\000t\000i\000o\000n}{section.8.40}
\BOOKMARK [1][-]{section.8.41}{\376\377\000s\000r\000c\000.\000m\000a\000p\000.\000M\000a\000p\000V\000i\000e\000w\000e\000r\000\040\000C\000l\000a\000s\000s\000\040\000R\000e\000f\000e\000r\000e\000n\000c\000e}{chapter.8}
\BOOKMARK [2][-]{subsection.8.41.1}{\376\377\000M\000e\000m\000b\000e\000r\000\040\000F\000u\000n\000c\000t\000i\000o\000n\000\040\000D\000o\000c\000u\000m\000e\000n\000t\000a\000t\000i\000o\000n}{section.8.41}
\BOOKMARK [3][-]{subsubsection.8.41.1.1}{\376\377\000n\000e\000i\000g\000h\000b\000o\000r\000s\000\137\000c\000h\000u\000n\000k}{subsection.8.41.1}
\BOOKMARK [1][-]{section.8.42}{\376\377\000s\000r\000c\000.\000c\000u\000r\000s\000e\000s\000c\000l\000i\000.\000M\000a\000p\000V\000i\000e\000w\000e\000r\000\040\000C\000l\000a\000s\000s\000\040\000R\000e\000f\000e\000r\000e\000n\000c\000e}{chapter.8}
\BOOKMARK [1][-]{section.8.43}{\376\377\000M\000a\000p\000V\000i\000e\000w\000e\000r\000\040\000C\000l\000a\000s\000s\000\040\000R\000e\000f\000e\000r\000e\000n\000c\000e}{chapter.8}
\BOOKMARK [2][-]{subsection.8.43.1}{\376\377\000D\000e\000t\000a\000i\000l\000e\000d\000\040\000D\000e\000s\000c\000r\000i\000p\000t\000i\000o\000n}{section.8.43}
\BOOKMARK [2][-]{subsection.8.43.2}{\376\377\000M\000e\000m\000b\000e\000r\000\040\000E\000n\000u\000m\000e\000r\000a\000t\000i\000o\000n\000\040\000D\000o\000c\000u\000m\000e\000n\000t\000a\000t\000i\000o\000n}{section.8.43}
\BOOKMARK [3][-]{subsubsection.8.43.2.1}{\376\377\000S\000e\000l\000e\000c\000t\000i\000o\000n\000M\000o\000d\000e}{subsection.8.43.2}
\BOOKMARK [1][-]{section.8.44}{\376\377\000s\000r\000c\000.\000n\000e\000t\000w\000o\000r\000k\000.\000N\000e\000t\000w\000o\000r\000k\000C\000l\000i\000e\000n\000t\000\040\000C\000l\000a\000s\000s\000\040\000R\000e\000f\000e\000r\000e\000n\000c\000e}{chapter.8}
\BOOKMARK [2][-]{subsection.8.44.1}{\376\377\000D\000e\000t\000a\000i\000l\000e\000d\000\040\000D\000e\000s\000c\000r\000i\000p\000t\000i\000o\000n}{section.8.44}
\BOOKMARK [2][-]{subsection.8.44.2}{\376\377\000M\000e\000m\000b\000e\000r\000\040\000F\000u\000n\000c\000t\000i\000o\000n\000\040\000D\000o\000c\000u\000m\000e\000n\000t\000a\000t\000i\000o\000n}{section.8.44}
\BOOKMARK [3][-]{subsubsection.8.44.2.1}{\376\377\000a\000s\000k\000E\000n\000t\000i\000t\000y}{subsection.8.44.2}
\BOOKMARK [3][-]{subsubsection.8.44.2.2}{\376\377\000r\000u\000n}{subsection.8.44.2}
\BOOKMARK [3][-]{subsubsection.8.44.2.3}{\376\377\000s\000e\000n\000d\000E\000v\000e\000n\000t}{subsection.8.44.2}
\BOOKMARK [1][-]{section.8.45}{\376\377\000s\000r\000c\000.\000n\000e\000t\000w\000o\000r\000k\000u\000d\000p\000.\000N\000e\000t\000w\000o\000r\000k\000C\000l\000i\000e\000n\000t\000\040\000C\000l\000a\000s\000s\000\040\000R\000e\000f\000e\000r\000e\000n\000c\000e}{chapter.8}
\BOOKMARK [1][-]{section.8.46}{\376\377\000s\000r\000c\000.\000n\000e\000t\000w\000o\000r\000k\000.\000N\000e\000t\000w\000o\000r\000k\000S\000e\000r\000v\000e\000r\000\040\000C\000l\000a\000s\000s\000\040\000R\000e\000f\000e\000r\000e\000n\000c\000e}{chapter.8}
\BOOKMARK [2][-]{subsection.8.46.1}{\376\377\000D\000e\000t\000a\000i\000l\000e\000d\000\040\000D\000e\000s\000c\000r\000i\000p\000t\000i\000o\000n}{section.8.46}
\BOOKMARK [2][-]{subsection.8.46.2}{\376\377\000C\000o\000n\000s\000t\000r\000u\000c\000t\000o\000r\000\040\000\046\000\040\000D\000e\000s\000t\000r\000u\000c\000t\000o\000r\000\040\000D\000o\000c\000u\000m\000e\000n\000t\000a\000t\000i\000o\000n}{section.8.46}
\BOOKMARK [3][-]{subsubsection.8.46.2.1}{\376\377\000\137\000\137\000i\000n\000i\000t\000\137\000\137}{subsection.8.46.2}
\BOOKMARK [2][-]{subsection.8.46.3}{\376\377\000M\000e\000m\000b\000e\000r\000\040\000F\000u\000n\000c\000t\000i\000o\000n\000\040\000D\000o\000c\000u\000m\000e\000n\000t\000a\000t\000i\000o\000n}{section.8.46}
\BOOKMARK [3][-]{subsubsection.8.46.3.1}{\376\377\000r\000u\000n}{subsection.8.46.3}
\BOOKMARK [3][-]{subsubsection.8.46.3.2}{\376\377\000s\000e\000n\000d\000O\000r\000d\000e\000r}{subsection.8.46.3}
\BOOKMARK [3][-]{subsubsection.8.46.3.3}{\376\377\000w\000a\000i\000t\000F\000o\000r\000C\000l\000i\000e\000n\000t\000s}{subsection.8.46.3}
\BOOKMARK [1][-]{section.8.47}{\376\377\000s\000r\000c\000.\000n\000e\000t\000w\000o\000r\000k\000u\000d\000p\000.\000N\000e\000t\000w\000o\000r\000k\000S\000e\000r\000v\000e\000r\000\040\000C\000l\000a\000s\000s\000\040\000R\000e\000f\000e\000r\000e\000n\000c\000e}{chapter.8}
\BOOKMARK [1][-]{section.8.48}{\376\377\000N\000e\000w\000G\000a\000m\000e\000\040\000C\000l\000a\000s\000s\000\040\000R\000e\000f\000e\000r\000e\000n\000c\000e}{chapter.8}
\BOOKMARK [1][-]{section.8.49}{\376\377\000O\000b\000j\000e\000c\000t\000\040\000C\000l\000a\000s\000s\000\040\000R\000e\000f\000e\000r\000e\000n\000c\000e}{chapter.8}
\BOOKMARK [2][-]{subsection.8.49.1}{\376\377\000D\000e\000t\000a\000i\000l\000e\000d\000\040\000D\000e\000s\000c\000r\000i\000p\000t\000i\000o\000n}{section.8.49}
\BOOKMARK [1][-]{section.8.50}{\376\377\000O\000b\000j\000e\000c\000t\000E\000d\000i\000t\000o\000r\000\040\000C\000l\000a\000s\000s\000\040\000R\000e\000f\000e\000r\000e\000n\000c\000e}{chapter.8}
\BOOKMARK [1][-]{section.8.51}{\376\377\000O\000b\000j\000e\000c\000t\000F\000l\000a\000g\000T\000a\000b\000l\000e\000M\000o\000d\000e\000l\000\040\000C\000l\000a\000s\000s\000\040\000R\000e\000f\000e\000r\000e\000n\000c\000e}{chapter.8}
\BOOKMARK [1][-]{section.8.52}{\376\377\000O\000b\000j\000e\000c\000t\000P\000a\000r\000a\000m\000T\000a\000b\000l\000e\000M\000o\000d\000e\000l\000\040\000C\000l\000a\000s\000s\000\040\000R\000e\000f\000e\000r\000e\000n\000c\000e}{chapter.8}
\BOOKMARK [1][-]{section.8.53}{\376\377\000s\000r\000c\000.\000w\000o\000r\000l\000d\000.\000O\000b\000j\000e\000c\000t\000T\000y\000p\000e\000\040\000C\000l\000a\000s\000s\000\040\000R\000e\000f\000e\000r\000e\000n\000c\000e}{chapter.8}
\BOOKMARK [2][-]{subsection.8.53.1}{\376\377\000D\000e\000t\000a\000i\000l\000e\000d\000\040\000D\000e\000s\000c\000r\000i\000p\000t\000i\000o\000n}{section.8.53}
\BOOKMARK [2][-]{subsection.8.53.2}{\376\377\000M\000e\000m\000b\000e\000r\000\040\000F\000u\000n\000c\000t\000i\000o\000n\000\040\000D\000o\000c\000u\000m\000e\000n\000t\000a\000t\000i\000o\000n}{section.8.53}
\BOOKMARK [3][-]{subsubsection.8.53.2.1}{\376\377\000c\000r\000e\000a\000t\000e}{subsection.8.53.2}
\BOOKMARK [1][-]{section.8.54}{\376\377\000O\000p\000t\000i\000o\000n\000s\000\040\000S\000t\000r\000u\000c\000t\000\040\000R\000e\000f\000e\000r\000e\000n\000c\000e}{chapter.8}
\BOOKMARK [2][-]{subsection.8.54.1}{\376\377\000D\000e\000t\000a\000i\000l\000e\000d\000\040\000D\000e\000s\000c\000r\000i\000p\000t\000i\000o\000n}{section.8.54}
\BOOKMARK [2][-]{subsection.8.54.2}{\376\377\000M\000e\000m\000b\000e\000r\000\040\000F\000u\000n\000c\000t\000i\000o\000n\000\040\000D\000o\000c\000u\000m\000e\000n\000t\000a\000t\000i\000o\000n}{section.8.54}
\BOOKMARK [3][-]{subsubsection.8.54.2.1}{\376\377\000i\000s\000A\000d\000j\000u\000s\000t\000a\000b\000l\000e}{subsection.8.54.2}
\BOOKMARK [3][-]{subsubsection.8.54.2.2}{\376\377\000l\000o\000a\000d}{subsection.8.54.2}
\BOOKMARK [3][-]{subsubsection.8.54.2.3}{\376\377\000o\000p\000t\000i\000o\000n\000s}{subsection.8.54.2}
\BOOKMARK [3][-]{subsubsection.8.54.2.4}{\376\377\000r\000e\000i\000n\000i\000t\000i\000a\000l\000i\000s\000e}{subsection.8.54.2}
\BOOKMARK [3][-]{subsubsection.8.54.2.5}{\376\377\000s\000a\000v\000e}{subsection.8.54.2}
\BOOKMARK [3][-]{subsubsection.8.54.2.6}{\376\377\000s\000e\000t\000A\000d\000j\000u\000s\000t\000a\000b\000l\000e}{subsection.8.54.2}
\BOOKMARK [3][-]{subsubsection.8.54.2.7}{\376\377\000s\000e\000t\000D\000e\000f\000a\000u\000l\000t}{subsection.8.54.2}
\BOOKMARK [1][-]{section.8.55}{\376\377\000s\000r\000c\000.\000o\000r\000d\000e\000r\000s\000.\000O\000r\000d\000e\000r\000\040\000C\000l\000a\000s\000s\000\040\000R\000e\000f\000e\000r\000e\000n\000c\000e}{chapter.8}
\BOOKMARK [2][-]{subsection.8.55.1}{\376\377\000D\000e\000t\000a\000i\000l\000e\000d\000\040\000D\000e\000s\000c\000r\000i\000p\000t\000i\000o\000n}{section.8.55}
\BOOKMARK [2][-]{subsection.8.55.2}{\376\377\000M\000e\000m\000b\000e\000r\000\040\000F\000u\000n\000c\000t\000i\000o\000n\000\040\000D\000o\000c\000u\000m\000e\000n\000t\000a\000t\000i\000o\000n}{section.8.55}
\BOOKMARK [3][-]{subsubsection.8.55.2.1}{\376\377\000f\000r\000o\000m\000B\000y\000t\000e\000s}{subsection.8.55.2}
\BOOKMARK [3][-]{subsubsection.8.55.2.2}{\376\377\000l\000o\000a\000d}{subsection.8.55.2}
\BOOKMARK [3][-]{subsubsection.8.55.2.3}{\376\377\000t\000o\000B\000y\000t\000e\000s}{subsection.8.55.2}
\BOOKMARK [1][-]{section.8.56}{\376\377\000s\000r\000c\000.\000o\000r\000d\000e\000r\000s\000.\000O\000r\000d\000e\000r\000D\000i\000s\000p\000a\000t\000c\000h\000e\000r\000\040\000C\000l\000a\000s\000s\000\040\000R\000e\000f\000e\000r\000e\000n\000c\000e}{chapter.8}
\BOOKMARK [2][-]{subsection.8.56.1}{\376\377\000D\000e\000t\000a\000i\000l\000e\000d\000\040\000D\000e\000s\000c\000r\000i\000p\000t\000i\000o\000n}{section.8.56}
\BOOKMARK [2][-]{subsection.8.56.2}{\376\377\000M\000e\000m\000b\000e\000r\000\040\000F\000u\000n\000c\000t\000i\000o\000n\000\040\000D\000o\000c\000u\000m\000e\000n\000t\000a\000t\000i\000o\000n}{section.8.56}
\BOOKMARK [3][-]{subsubsection.8.56.2.1}{\376\377\000t\000r\000e\000a\000t}{subsection.8.56.2}
\BOOKMARK [1][-]{section.8.57}{\376\377\000P\000a\000r\000a\000m\000I\000t\000e\000m\000D\000e\000l\000e\000g\000a\000t\000e\000\040\000C\000l\000a\000s\000s\000\040\000R\000e\000f\000e\000r\000e\000n\000c\000e}{chapter.8}
\BOOKMARK [1][-]{section.8.58}{\376\377\000s\000r\000c\000.\000t\000o\000o\000l\000s\000.\000P\000e\000r\000f\000\040\000C\000l\000a\000s\000s\000\040\000R\000e\000f\000e\000r\000e\000n\000c\000e}{chapter.8}
\BOOKMARK [2][-]{subsection.8.58.1}{\376\377\000D\000e\000t\000a\000i\000l\000e\000d\000\040\000D\000e\000s\000c\000r\000i\000p\000t\000i\000o\000n}{section.8.58}
\BOOKMARK [2][-]{subsection.8.58.2}{\376\377\000M\000e\000m\000b\000e\000r\000\040\000F\000u\000n\000c\000t\000i\000o\000n\000\040\000D\000o\000c\000u\000m\000e\000n\000t\000a\000t\000i\000o\000n}{section.8.58}
\BOOKMARK [3][-]{subsubsection.8.58.2.1}{\376\377\000s\000h\000o\000w}{subsection.8.58.2}
\BOOKMARK [3][-]{subsubsection.8.58.2.2}{\376\377\000t\000i\000c}{subsection.8.58.2}
\BOOKMARK [3][-]{subsubsection.8.58.2.3}{\376\377\000t\000o\000c}{subsection.8.58.2}
\BOOKMARK [1][-]{section.8.59}{\376\377\000P\000t\000C\000o\000o\000r\000d\000s\000\040\000C\000l\000a\000s\000s\000\040\000R\000e\000f\000e\000r\000e\000n\000c\000e}{chapter.8}
\BOOKMARK [2][-]{subsection.8.59.1}{\376\377\000D\000e\000t\000a\000i\000l\000e\000d\000\040\000D\000e\000s\000c\000r\000i\000p\000t\000i\000o\000n}{section.8.59}
\BOOKMARK [1][-]{section.8.60}{\376\377\000P\000x\000C\000o\000o\000r\000d\000s\000\040\000C\000l\000a\000s\000s\000\040\000R\000e\000f\000e\000r\000e\000n\000c\000e}{chapter.8}
\BOOKMARK [2][-]{subsection.8.60.1}{\376\377\000D\000e\000t\000a\000i\000l\000e\000d\000\040\000D\000e\000s\000c\000r\000i\000p\000t\000i\000o\000n}{section.8.60}
\BOOKMARK [1][-]{section.8.61}{\376\377\000R\000l\000C\000o\000o\000r\000d\000s\000\040\000C\000l\000a\000s\000s\000\040\000R\000e\000f\000e\000r\000e\000n\000c\000e}{chapter.8}
\BOOKMARK [2][-]{subsection.8.61.1}{\376\377\000D\000e\000t\000a\000i\000l\000e\000d\000\040\000D\000e\000s\000c\000r\000i\000p\000t\000i\000o\000n}{section.8.61}
\BOOKMARK [1][-]{section.8.62}{\376\377\000s\000r\000c\000.\000c\000a\000c\000h\000e\000.\000S\000c\000a\000l\000e\000d\000C\000a\000c\000h\000e\000\040\000C\000l\000a\000s\000s\000\040\000R\000e\000f\000e\000r\000e\000n\000c\000e}{chapter.8}
\BOOKMARK [1][-]{section.8.63}{\376\377\000S\000e\000l\000e\000c\000t\000i\000o\000n\000D\000o\000c\000k\000\040\000C\000l\000a\000s\000s\000\040\000R\000e\000f\000e\000r\000e\000n\000c\000e}{chapter.8}
\BOOKMARK [1][-]{section.8.64}{\376\377\000s\000r\000c\000.\000s\000e\000r\000v\000e\000r\000.\000S\000e\000r\000v\000e\000r\000\040\000C\000l\000a\000s\000s\000\040\000R\000e\000f\000e\000r\000e\000n\000c\000e}{chapter.8}
\BOOKMARK [2][-]{subsection.8.64.1}{\376\377\000D\000e\000t\000a\000i\000l\000e\000d\000\040\000D\000e\000s\000c\000r\000i\000p\000t\000i\000o\000n}{section.8.64}
\BOOKMARK [1][-]{section.8.65}{\376\377\000s\000r\000c\000.\000n\000e\000t\000w\000o\000r\000k\000.\000S\000e\000r\000v\000e\000r\000C\000o\000n\000n\000e\000c\000t\000i\000o\000n\000\040\000C\000l\000a\000s\000s\000\040\000R\000e\000f\000e\000r\000e\000n\000c\000e}{chapter.8}
\BOOKMARK [2][-]{subsection.8.65.1}{\376\377\000D\000e\000t\000a\000i\000l\000e\000d\000\040\000D\000e\000s\000c\000r\000i\000p\000t\000i\000o\000n}{section.8.65}
\BOOKMARK [2][-]{subsection.8.65.2}{\376\377\000M\000e\000m\000b\000e\000r\000\040\000F\000u\000n\000c\000t\000i\000o\000n\000\040\000D\000o\000c\000u\000m\000e\000n\000t\000a\000t\000i\000o\000n}{section.8.65}
\BOOKMARK [3][-]{subsubsection.8.65.2.1}{\376\377\000r\000u\000n}{subsection.8.65.2}
\BOOKMARK [1][-]{section.8.66}{\376\377\000T\000a\000b\000A\000c\000c\000e\000s\000\040\000C\000l\000a\000s\000s\000\040\000R\000e\000f\000e\000r\000e\000n\000c\000e}{chapter.8}
\BOOKMARK [1][-]{section.8.67}{\376\377\000T\000a\000b\000B\000a\000r\000\040\000C\000l\000a\000s\000s\000\040\000R\000e\000f\000e\000r\000e\000n\000c\000e}{chapter.8}
\BOOKMARK [1][-]{section.8.68}{\376\377\000s\000r\000c\000.\000t\000o\000o\000l\000s\000.\000T\000i\000m\000e\000r\000\040\000C\000l\000a\000s\000s\000\040\000R\000e\000f\000e\000r\000e\000n\000c\000e}{chapter.8}
\BOOKMARK [2][-]{subsection.8.68.1}{\376\377\000D\000e\000t\000a\000i\000l\000e\000d\000\040\000D\000e\000s\000c\000r\000i\000p\000t\000i\000o\000n}{section.8.68}
\BOOKMARK [2][-]{subsection.8.68.2}{\376\377\000M\000e\000m\000b\000e\000r\000\040\000F\000u\000n\000c\000t\000i\000o\000n\000\040\000D\000o\000c\000u\000m\000e\000n\000t\000a\000t\000i\000o\000n}{section.8.68}
\BOOKMARK [3][-]{subsubsection.8.68.2.1}{\376\377\000a\000d\000d}{subsection.8.68.2}
\BOOKMARK [1][-]{section.8.69}{\376\377\000s\000r\000c\000.\000u\000t\000i\000l\000s\000.\000W\000a\000l\000k\000a\000b\000l\000e\000G\000r\000a\000p\000h\000\040\000C\000l\000a\000s\000s\000\040\000R\000e\000f\000e\000r\000e\000n\000c\000e}{chapter.8}
\BOOKMARK [1][-]{section.8.70}{\376\377\000W\000e\000l\000c\000o\000m\000e\000\040\000C\000l\000a\000s\000s\000\040\000R\000e\000f\000e\000r\000e\000n\000c\000e}{chapter.8}
\BOOKMARK [1][-]{section.8.71}{\376\377\000W\000o\000r\000l\000d\000\040\000C\000l\000a\000s\000s\000\040\000R\000e\000f\000e\000r\000e\000n\000c\000e}{chapter.8}
\BOOKMARK [2][-]{subsection.8.71.1}{\376\377\000D\000e\000t\000a\000i\000l\000e\000d\000\040\000D\000e\000s\000c\000r\000i\000p\000t\000i\000o\000n}{section.8.71}
\BOOKMARK [1][-]{section.8.72}{\376\377\000s\000r\000c\000.\000w\000o\000r\000l\000d\000.\000W\000o\000r\000l\000d\000\040\000C\000l\000a\000s\000s\000\040\000R\000e\000f\000e\000r\000e\000n\000c\000e}{chapter.8}
\BOOKMARK [1][-]{section.8.73}{\376\377\000W\000o\000r\000l\000d\000E\000d\000i\000t\000o\000r\000\040\000C\000l\000a\000s\000s\000\040\000R\000e\000f\000e\000r\000e\000n\000c\000e}{chapter.8}
\BOOKMARK [1][-]{section.8.74}{\376\377\000s\000r\000c\000.\000p\000r\000i\000n\000t\000W\000o\000r\000l\000d\000.\000W\000o\000r\000l\000d\000V\000i\000e\000w\000e\000r\000\040\000C\000l\000a\000s\000s\000\040\000R\000e\000f\000e\000r\000e\000n\000c\000e}{chapter.8}
\BOOKMARK [2][-]{subsection.8.74.1}{\376\377\000C\000o\000n\000s\000t\000r\000u\000c\000t\000o\000r\000\040\000\046\000\040\000D\000e\000s\000t\000r\000u\000c\000t\000o\000r\000\040\000D\000o\000c\000u\000m\000e\000n\000t\000a\000t\000i\000o\000n}{section.8.74}
\BOOKMARK [3][-]{subsubsection.8.74.1.1}{\376\377\000\137\000\137\000i\000n\000i\000t\000\137\000\137}{subsection.8.74.1}
\BOOKMARK [2][-]{subsection.8.74.2}{\376\377\000M\000e\000m\000b\000e\000r\000\040\000F\000u\000n\000c\000t\000i\000o\000n\000\040\000D\000o\000c\000u\000m\000e\000n\000t\000a\000t\000i\000o\000n}{section.8.74}
\BOOKMARK [3][-]{subsubsection.8.74.2.1}{\376\377\000e\000n\000d}{subsection.8.74.2}
\BOOKMARK [3][-]{subsubsection.8.74.2.2}{\376\377\000g\000e\000t\000\137\000e\000v\000e\000n\000t}{subsection.8.74.2}
\BOOKMARK [3][-]{subsubsection.8.74.2.3}{\376\377\000m\000o\000v\000e}{subsection.8.74.2}
\BOOKMARK [3][-]{subsubsection.8.74.2.4}{\376\377\000m\000o\000v\000e\000\137\000c\000h\000a\000r}{subsection.8.74.2}
\BOOKMARK [3][-]{subsubsection.8.74.2.5}{\376\377\000p\000r\000o\000p\000a\000g\000a\000t\000e\000\137\000t\000r\000i\000g\000g\000e\000r}{subsection.8.74.2}
\BOOKMARK [3][-]{subsubsection.8.74.2.6}{\376\377\000r\000e\000n\000d\000e\000r}{subsection.8.74.2}
\BOOKMARK [3][-]{subsubsection.8.74.2.7}{\376\377\000u\000p\000d\000a\000t\000e}{subsection.8.74.2}
\BOOKMARK [1][-]{section.8.75}{\376\377\000X\000m\000l\000H\000a\000n\000d\000l\000e\000r\000\040\000C\000l\000a\000s\000s\000\040\000R\000e\000f\000e\000r\000e\000n\000c\000e}{chapter.8}
\BOOKMARK [0][-]{chapter.9}{\376\377\000F\000i\000l\000e\000\040\000D\000o\000c\000u\000m\000e\000n\000t\000a\000t\000i\000o\000n}{}
\BOOKMARK [1][-]{section.9.1}{\376\377\000s\000r\000c\000/\000e\000d\000i\000t\000o\000r\000/\000G\000a\000m\000e\000/\000g\000a\000m\000e\000.\000h\000\040\000F\000i\000l\000e\000\040\000R\000e\000f\000e\000r\000e\000n\000c\000e}{chapter.9}
\BOOKMARK [2][-]{subsection.9.1.1}{\376\377\000D\000e\000t\000a\000i\000l\000e\000d\000\040\000D\000e\000s\000c\000r\000i\000p\000t\000i\000o\000n}{section.9.1}
\BOOKMARK [1][-]{section.9.2}{\376\377\000s\000r\000c\000/\000e\000d\000i\000t\000o\000r\000/\000G\000a\000m\000e\000/\000m\000a\000p\000.\000h\000\040\000F\000i\000l\000e\000\040\000R\000e\000f\000e\000r\000e\000n\000c\000e}{chapter.9}
\BOOKMARK [2][-]{subsection.9.2.1}{\376\377\000D\000e\000t\000a\000i\000l\000e\000d\000\040\000D\000e\000s\000c\000r\000i\000p\000t\000i\000o\000n}{section.9.2}
\BOOKMARK [2][-]{subsection.9.2.2}{\376\377\000D\000e\000f\000i\000n\000e\000\040\000D\000o\000c\000u\000m\000e\000n\000t\000a\000t\000i\000o\000n}{section.9.2}
\BOOKMARK [3][-]{subsubsection.9.2.2.1}{\376\377\000f\000o\000r\000C\000e\000l\000l\000s}{subsection.9.2.2}
\BOOKMARK [1][-]{section.9.3}{\376\377\000s\000r\000c\000/\000e\000d\000i\000t\000o\000r\000/\000G\000a\000m\000e\000/\000m\000a\000p\000p\000a\000i\000n\000t\000e\000r\000.\000h\000\040\000F\000i\000l\000e\000\040\000R\000e\000f\000e\000r\000e\000n\000c\000e}{chapter.9}
\BOOKMARK [2][-]{subsection.9.3.1}{\376\377\000D\000e\000t\000a\000i\000l\000e\000d\000\040\000D\000e\000s\000c\000r\000i\000p\000t\000i\000o\000n}{section.9.3}
\BOOKMARK [2][-]{subsection.9.3.2}{\376\377\000F\000u\000n\000c\000t\000i\000o\000n\000\040\000D\000o\000c\000u\000m\000e\000n\000t\000a\000t\000i\000o\000n}{section.9.3}
\BOOKMARK [3][-]{subsubsection.9.3.2.1}{\376\377\000o\000p\000e\000r\000a\000t\000o\000r}{subsection.9.3.2}
\BOOKMARK [1][-]{section.9.4}{\376\377\000s\000r\000c\000/\000e\000d\000i\000t\000o\000r\000/\000G\000a\000m\000e\000/\000m\000a\000p\000s\000l\000i\000s\000t\000m\000o\000d\000e\000l\000.\000h\000\040\000F\000i\000l\000e\000\040\000R\000e\000f\000e\000r\000e\000n\000c\000e}{chapter.9}
\BOOKMARK [2][-]{subsection.9.4.1}{\376\377\000D\000e\000t\000a\000i\000l\000e\000d\000\040\000D\000e\000s\000c\000r\000i\000p\000t\000i\000o\000n}{section.9.4}
\BOOKMARK [1][-]{section.9.5}{\376\377\000s\000r\000c\000/\000e\000d\000i\000t\000o\000r\000/\000G\000a\000m\000e\000/\000o\000b\000j\000e\000c\000t\000.\000h\000\040\000F\000i\000l\000e\000\040\000R\000e\000f\000e\000r\000e\000n\000c\000e}{chapter.9}
\BOOKMARK [2][-]{subsection.9.5.1}{\376\377\000D\000e\000t\000a\000i\000l\000e\000d\000\040\000D\000e\000s\000c\000r\000i\000p\000t\000i\000o\000n}{section.9.5}
\BOOKMARK [2][-]{subsection.9.5.2}{\376\377\000D\000e\000f\000i\000n\000e\000\040\000D\000o\000c\000u\000m\000e\000n\000t\000a\000t\000i\000o\000n}{section.9.5}
\BOOKMARK [3][-]{subsubsection.9.5.2.1}{\376\377\000A\000t\000t\000r}{subsection.9.5.2}
\BOOKMARK [3][-]{subsubsection.9.5.2.2}{\376\377\000A\000t\000t\000r\000D\000e\000f}{subsection.9.5.2}
\BOOKMARK [3][-]{subsubsection.9.5.2.3}{\376\377\000A\000t\000t\000r\000G\000e\000t\000t\000e\000r}{subsection.9.5.2}
\BOOKMARK [3][-]{subsubsection.9.5.2.4}{\376\377\000A\000t\000t\000r\000S\000e\000t\000t\000e\000r}{subsection.9.5.2}
\BOOKMARK [3][-]{subsubsection.9.5.2.5}{\376\377\000A\000t\000t\000r\000T}{subsection.9.5.2}
\BOOKMARK [3][-]{subsubsection.9.5.2.6}{\376\377\000C}{subsection.9.5.2}
\BOOKMARK [3][-]{subsubsection.9.5.2.7}{\376\377\000C\0000}{subsection.9.5.2}
\BOOKMARK [3][-]{subsubsection.9.5.2.8}{\376\377\000C\0001}{subsection.9.5.2}
\BOOKMARK [3][-]{subsubsection.9.5.2.9}{\376\377\000F\000l\000a\000g}{subsection.9.5.2}
\BOOKMARK [3][-]{subsubsection.9.5.2.10}{\376\377\000F\000l\000a\000g\000G\000e\000t\000t\000e\000r}{subsection.9.5.2}
\BOOKMARK [3][-]{subsubsection.9.5.2.11}{\376\377\000F\000l\000a\000g\000S\000e\000t\000t\000e\000r}{subsection.9.5.2}
\BOOKMARK [3][-]{subsubsection.9.5.2.12}{\376\377\000O\000b\000j\000e\000c\000t\000s\000M\000a\000p}{subsection.9.5.2}
\BOOKMARK [3][-]{subsubsection.9.5.2.13}{\376\377\000O\000b\000j\000e\000c\000t\000s\000M\000a\000p\000C}{subsection.9.5.2}
\BOOKMARK [3][-]{subsubsection.9.5.2.14}{\376\377\000P\000a\000r\000a\000m}{subsection.9.5.2}
\BOOKMARK [3][-]{subsubsection.9.5.2.15}{\376\377\000P\000a\000r\000a\000m\000G\000e\000t\000t\000e\000r}{subsection.9.5.2}
\BOOKMARK [3][-]{subsubsection.9.5.2.16}{\376\377\000P\000a\000r\000a\000m\000S\000e\000t\000t\000e\000r}{subsection.9.5.2}
\BOOKMARK [3][-]{subsubsection.9.5.2.17}{\376\377\000S\000e\000t\000F\000l\000a\000g}{subsection.9.5.2}
\BOOKMARK [3][-]{subsubsection.9.5.2.18}{\376\377\000S\000e\000t\000P\000a\000r\000a\000m}{subsection.9.5.2}
\BOOKMARK [1][-]{section.9.6}{\376\377\000s\000r\000c\000/\000e\000d\000i\000t\000o\000r\000/\000G\000a\000m\000e\000/\000x\000m\000l\000h\000a\000n\000d\000l\000e\000r\000.\000h\000\040\000F\000i\000l\000e\000\040\000R\000e\000f\000e\000r\000e\000n\000c\000e}{chapter.9}
\BOOKMARK [2][-]{subsection.9.6.1}{\376\377\000D\000e\000t\000a\000i\000l\000e\000d\000\040\000D\000e\000s\000c\000r\000i\000p\000t\000i\000o\000n}{section.9.6}
\BOOKMARK [1][-]{section.9.7}{\376\377\000s\000r\000c\000/\000e\000d\000i\000t\000o\000r\000/\000G\000U\000I\000/\000o\000p\000t\000i\000o\000n\000s\000.\000h\000\040\000F\000i\000l\000e\000\040\000R\000e\000f\000e\000r\000e\000n\000c\000e}{chapter.9}
\BOOKMARK [2][-]{subsection.9.7.1}{\376\377\000D\000e\000t\000a\000i\000l\000e\000d\000\040\000D\000e\000s\000c\000r\000i\000p\000t\000i\000o\000n}{section.9.7}
\BOOKMARK [2][-]{subsection.9.7.2}{\376\377\000D\000e\000f\000i\000n\000e\000\040\000D\000o\000c\000u\000m\000e\000n\000t\000a\000t\000i\000o\000n}{section.9.7}
\BOOKMARK [3][-]{subsubsection.9.7.2.1}{\376\377\000D\000e\000f\000a\000u\000l\000t}{subsection.9.7.2}
\BOOKMARK [3][-]{subsubsection.9.7.2.2}{\376\377\000D\000e\000f\000a\000u\000l\000t\000F}{subsection.9.7.2}
\BOOKMARK [3][-]{subsubsection.9.7.2.3}{\376\377\000D\000I\000R}{subsection.9.7.2}
\BOOKMARK [3][-]{subsubsection.9.7.2.4}{\376\377\000M\000A\000P}{subsection.9.7.2}
\BOOKMARK [3][-]{subsubsection.9.7.2.5}{\376\377\000W\000I\000N}{subsection.9.7.2}
\BOOKMARK [1][-]{section.9.8}{\376\377\000s\000r\000c\000/\000e\000d\000i\000t\000o\000r\000/\000G\000U\000I\000/\000T\000a\000b\000s\000/\000b\000c\000o\000l\000o\000r\000.\000h\000\040\000F\000i\000l\000e\000\040\000R\000e\000f\000e\000r\000e\000n\000c\000e}{chapter.9}
\BOOKMARK [2][-]{subsection.9.8.1}{\376\377\000D\000e\000t\000a\000i\000l\000e\000d\000\040\000D\000e\000s\000c\000r\000i\000p\000t\000i\000o\000n}{section.9.8}
\BOOKMARK [1][-]{section.9.9}{\376\377\000s\000r\000c\000/\000e\000d\000i\000t\000o\000r\000/\000G\000U\000I\000/\000T\000a\000b\000s\000/\000D\000o\000c\000k\000s\000/\000b\000d\000o\000c\000k\000.\000h\000\040\000F\000i\000l\000e\000\040\000R\000e\000f\000e\000r\000e\000n\000c\000e}{chapter.9}
\BOOKMARK [2][-]{subsection.9.9.1}{\376\377\000D\000e\000t\000a\000i\000l\000e\000d\000\040\000D\000e\000s\000c\000r\000i\000p\000t\000i\000o\000n}{section.9.9}
